2021-05-10T14:56:15.682571 : ----START----
2021-05-10T14:56:15.683655 : ('Already Done (I) :', 0)
2021-05-10T14:56:15.685052 : 2020-10-23:vous entendra crier
2021-05-10T14:56:23.124376 : 2020-10-24:traverse la rue
2021-05-10T14:56:26.396266 : Face au chômage de masse, les vieilles méthodes libérales sont en échec. Avec notre garantie d’emploi, dès lors que l’on se trouvera sur le trottoir d’en face du service public d’emploi, il sera possible d’affirmer : « je traverse la rue et je trouve un emploi ! ». #LoisFi2021 https://t.co/yzoQMuxzBw
2021-05-10T14:56:29.426435 : Et voilà, @EmmanuelMacron avait raison : elle a traversé la rue, elle a trouvé du boulot 😋 https://t.co/uKed1VvhU8
2021-05-10T14:56:33.138932 : Face au chômage de masse, les vieilles méthodes libérales sont en échec. Avec notre garantie d’emploi, dès lors que l’on se trouvera sur le trottoir d’en face du service public d’emploi, il sera possible d’affirmer : « je traverse la rue et je trouve un emploi ! ». #LoisFi2021 https://t.co/yzoQMuxzBw
2021-05-10T14:56:42.766520 : Que personne ne raconte à Laurent Alexandre l'histoire de la poule qui traverse la rue, il vous fera une conférence de 45 minutes sur les dangers du financement d'infrastructures de transport en zone rurale sinon.
2021-05-10T14:56:45.591146 : C'est injuste, ils ont traversé la méditerranée donc c'est normal qu'ils sachent traverser la rue. https://t.co/zWWhZmslI2
2021-05-10T14:56:46.000779 : got 502 tweets
2021-05-10T14:56:46.008486 : data/corpus_2021-05-10_0.json
2021-05-10T14:56:46.010921 : ==== END ====
2021-05-10T15:09:06.091861 : ----START----
2021-05-10T15:09:06.093429 : ('Already Done (I) :', 0)
2021-05-10T15:09:06.094729 : 2020-10-25:question répondue
2021-05-10T15:09:08.774105 : Bonjour à toi jeune entrepreneur!Es ce que tu veux voir des plays de challenger en live ou continuer de soloq? Moi jcrois que la question elle est vite répondue.Retrouvez moi en live j'essaierai de carry ma team.Un lien:  https://t.co/q1Bfeh69Az https://t.co/6iNzySM5Wc
2021-05-10T15:09:11.647068 : La question est vite répondueNONNNNNNNN https://t.co/qP11FQE2yM
2021-05-10T15:09:14.006994 : La question est vite répondue #saccageparis https://t.co/N2rJp84m1g
2021-05-10T15:09:16.699594 : @StanGuerini Moi je retiens : les casseroles de @RichardFerrand , les branlettes de @BGriveaux aux frais du contribuable, « la question est vite répondue » de @MarleneSchiappa et le jupiterisme machiavélique de @EmmanuelMacron ! Bref terminé @enmarchefr @LaREM_AN 😀
2021-05-10T15:09:19.667214 : ..un naufrage chez les Kersauzon!La question, elle est vite répondue😉, je choisis le frère, Olivier ! l'Amiral, c'est quand même une autre classe, il ne joue pas dans la même cour!La #Bretagne #BZH5 n'aime PAS l'extrême-droite et MLP est aussi bretonne que je suis parisien ! https://t.co/82miiiPndG
2021-05-10T15:09:22.065012 : @PhMarliere Étant donné que le mot républicain est mis à toutes les sauces et récupéré par le RN, je crois que la question elle est vite répondue.
2021-05-10T15:09:25.109672 : @Psyhodelikus Sélection naturelle.C'est dégueulasse, je sais, mais y'a plus que ça à attendre... Surtout avec le variant indien, la question elle va vite être répondue.
2021-05-10T15:09:28.703735 : A votre avis ?C'est un close up sur un œil ou bien sur une de nos Nébuleuse incroyable bientôt disponible sur notre site ?J'crois la question est vite répondue 🌌 https://t.co/BrNwo7ux0V
2021-05-10T15:09:31.122320 : La question qui devait ABSOLUMENT être répondue. https://t.co/cRsG6zqShK
2021-05-10T15:09:33.852844 : Vacciner à fond pendant un mois a un coût30 jours X10 millions = 300 millions d'eurosUn mois de confinement nous coûte 15 milliards.La question elle est vite répondue. #Covid https://t.co/JXuPEWvaZD
2021-05-10T15:09:36.674391 : Vous êtes pour ou contre les publicités géantes dans le ciel de nuit avec, pour seul prix, le ciel étoilé ? Avec la pollution lumineuse que ca apporte, pour moi la question est vite répondue...
2021-05-10T15:09:38.880207 : 2020-10-26:deuxième effet
2021-05-10T15:09:39.672002 : @HibouProfane @Lawphilisee J'ai vu plusieurs personnes tenir ce raisonnement en effet haha, la deuxième strate du syndrôme de l'imposteur c'est de se dire qu'on n'en sait pas assez pour avoir ce syndrôme
2021-05-10T15:09:42.866458 : IMPORTANTChez des personnes précédemment infectés par le SARS-CoV2, "la deuxième dose d'ARNm s'est avérée avoir un effet délétère sur la réponse anticorps globale spécifique à l'antigène Spike"https://t.co/3lSn4ACQUw👇👇👇 https://t.co/kvyjpcK5vV
2021-05-10T15:09:45.664805 : @Cacakikol @CitoyenCharles Le deuxième effet kiss cool
2021-05-10T15:09:47.049778 : 2020-10-27:casse toi pauvre
2021-05-10T15:09:48.689545 : 2020-10-28:Ce moment où
2021-05-10T15:09:49.092112 : t’es au moment de ta vie où tu peux devenir ce que tu veux, le même moment où c’est le plus dur de savoir ce que tu veux
2021-05-10T15:09:52.192943 : Au moment où la liberté d'informer les citoyens sur ce qu'il se passe dans les élevages est plus que je jamais essentielle, des sénateurs ont fait passer un amendement punissant de 3 ans de prison les lanceurs d'alerte dans les élevages dans la loi Sécurité Globale.#agrimafia https://t.co/0G10Li4DZM
2021-05-10T15:09:54.649636 : @savanabay Svp ne pas collaborer avec ce diable , il est capable de de n'importe quelles déclarations à partir du moment où ça le fait mousser
2021-05-10T15:09:57.348565 : Je repense pas mal à Undertale ces temps ci. A ma première partie, j'avais tuée Toriel au début pensant que j'avais pas le choix. Puis j'ai recommencé une partie et ce moment où Flowey te fait comprendre qu'il sait. Un vrai coup dans l'estomac. https://t.co/HqHr9Fk8oM
2021-05-10T15:10:00.145985 : Je ne te cache pas avoir vite déchanté moi qui croyait pouvoir enfin récupérer les équipements que j'avais oublié de récupérer à ce moment là ... Est-ce un problème de redirection de lien ou un texte qui n'est malheureusement pas correct ?
2021-05-10T15:10:02.519864 : @CelineDu03 Vu comment elle parle de lui sur Snapchat en ce moment,  il va y avoir un remake !!! Elle a dit elle réfléchit si elle reprend son toutou ou un autre sac à main pour quelques jours !!!
2021-05-10T15:10:04.790734 : Twitter error response: status code = 429
2021-05-10T15:10:04.814575 : got 2077 tweets
2021-05-10T15:10:04.817952 : data/corpus_2021-05-10_1.json
2021-05-10T15:10:04.819044 : ==== END ====
2021-05-10T15:18:00.766859 : ----START----
2021-05-10T15:18:00.768494 : ('Already Done (I) :', 2077)
2021-05-10T15:18:00.769825 : 2020-10-28:travailler AND plus
2021-05-10T15:18:01.003532 : Twitter error response: status code = 403
2021-05-10T15:18:01.009320 : 2021-05-10:Ce moment où
2021-05-10T15:18:01.230126 : Twitter error response: status code = 403
2021-05-10T15:18:01.236148 : 2021-05-10:casse toi pauvre
2021-05-10T15:18:01.440396 : Twitter error response: status code = 403
2021-05-10T15:18:01.443008 : 2021-05-10:deuxième effet
2021-05-10T15:18:01.647876 : Twitter error response: status code = 403
2021-05-10T15:18:01.651979 : 2021-05-10:question répondue
2021-05-10T15:18:01.864664 : Twitter error response: status code = 403
2021-05-10T15:18:01.867301 : 2021-05-10:traverse la rue
2021-05-10T15:18:02.075371 : Twitter error response: status code = 403
2021-05-10T15:18:02.084973 : 2021-05-10:vous entendra crier
2021-05-10T15:18:02.317387 : Twitter error response: status code = 403
2021-05-10T15:18:02.339148 : got 0 tweets
2021-05-10T15:18:02.346380 : data/corpus_2021-05-10_2.json
2021-05-10T15:18:02.347844 : ==== END ====
2021-05-10T15:28:37.860159 : ----START----
2021-05-10T15:28:37.861308 : ('Already Done (I) :', 2077)
2021-05-10T15:28:37.862278 : 2021-05-10:Ce moment où
2021-05-10T15:28:38.628057 : 2021-05-10:casse toi pauvre
2021-05-10T15:28:39.004168 : 2021-05-10:deuxième effet
2021-05-10T15:28:39.384566 : 2021-05-10:question répondue
2021-05-10T15:28:39.766361 : 2021-05-10:travailler AND plus
2021-05-10T15:28:42.062178 : Aussi, certains problèmes de santé peuvent de prime abord ne rentrer ds aucune case, ce qui complexifie encore un peu plus leur traitement ! C'est pourquoi le primo-décrocheur doit travailler en coordination immédiate avec les médecins.
2021-05-10T15:28:44.339755 : Remember quand lors d’un repas on a demandé à mon neveu ce qu’il voulait faire plus tard et qu’il a dit qu’il voulait travailler à Leclerc Drive https://t.co/RulCeN8lXa
2021-05-10T15:28:45.539588 : 2021-05-10:traverse la rue
2021-05-10T15:28:47.109228 : Face au chômage de masse, les vieilles méthodes libérales sont en échec. Avec notre garantie d’emploi, dès lors que l’on se trouvera sur le trottoir d’en face du service public d’emploi, il sera possible d’affirmer : « je traverse la rue et je trouve un emploi ! ». #LoisFi2021 https://t.co/yzoQMuxzBw
2021-05-10T15:28:50.031248 : Face au chômage de masse, les vieilles méthodes libérales sont en échec. Avec notre garantie d’emploi, dès lors que l’on se trouvera sur le trottoir d’en face du service public d’emploi, il sera possible d’affirmer : « je traverse la rue et je trouve un emploi ! ». #LoisFi2021 https://t.co/yzoQMuxzBw
2021-05-10T15:28:53.773990 : Et voilà, @EmmanuelMacron avait raison : elle a traversé la rue, elle a trouvé du boulot 😋 https://t.co/uKed1VvhU8
2021-05-10T15:28:56.223495 : Que personne ne raconte à Laurent Alexandre l'histoire de la poule qui traverse la rue, il vous fera une conférence de 45 minutes sur les dangers du financement d'infrastructures de transport en zone rurale sinon.
2021-05-10T15:28:58.959673 : @leroncier ça en un an, elle est rodée, le gvt n'en a jamais appliqué d'autres. Et pas seulement concernant le covid.Petit rappel, le racisme c la faute des racisés, si t'as pas la PMA c pcq t'as humilié LMPT, si t'as pas de job, c que t'as pas traversé la rue, etc ...
2021-05-10T15:28:59.833678 : 2021-05-10:vous entendra crier
2021-05-10T15:29:00.854643 : got 748 tweets
2021-05-10T15:29:00.860791 : data/corpus_2021-05-10_3.json
2021-05-10T15:29:00.862123 : ==== END ====
2021-05-10T16:59:34.686015 : ----START----
2021-05-10T16:59:34.687622 : ('Already Done (I) :', 2825)
2021-05-10T16:59:34.688958 : 2021-05-10:Ce moment où
2021-05-10T16:59:37.516111 : Le climat a changé et c'est irréversible : l'axe de la terre bouge 17 fois plus vite en ce moment parce que les pôles sont en train de fondre. Vous avez le choix entre deux logiques de vie : tous ensemble ou chacun pour soi.#BFMPolitique https://t.co/viqzvQPvaZ
2021-05-10T16:59:38.661674 : 2021-05-10:casse toi pauvre
2021-05-10T16:59:39.044508 : 2021-05-10:deuxième effet
2021-05-10T16:59:39.418991 : 2021-05-10:question répondue
2021-05-10T16:59:39.840110 : 2021-05-10:travailler AND plus
2021-05-10T16:59:41.020053 : 🕯️En ce 10 mai, journée nationale de commémoration des mémoires de la traite, de l'#esclavage et de leur abolition.Je rends hommage à plus de 11 millions d’hommes, de femmes et d’enfants capturés en Afrique et réduits en esclavage pour travailler en Amérique. https://t.co/ZpgBS5tFVk
2021-05-10T16:59:42.156654 : 2021-05-10:traverse la rue
2021-05-10T16:59:42.528378 : 2021-05-10:vous entendra crier
2021-05-10T17:02:27.693777 : ----START----
2021-05-10T17:02:27.695356 : ('Already Done (I) :', 2825)
2021-05-10T17:02:27.696637 : 2021-05-10:Ce moment où
2021-05-10T17:02:30.577564 : En ce moment sur YouTube je regarde des chaînes de types australiens qui passent la tondeuse dans des quartiers résidentiels. Que l’herbe ait poussé en un mois ou un an c’est la même routine. VérifierLesBestiolesPARTOUT https://t.co/lmiYa800dH
2021-05-10T17:02:32.334583 : 2021-05-10:casse toi pauvre
2021-05-10T17:02:32.746568 : 2021-05-10:deuxième effet
2021-05-10T17:02:33.135678 : 2021-05-10:question répondue
2021-05-10T17:02:33.513591 : 2021-05-10:travailler AND plus
2021-05-10T17:02:34.808034 : Mais je n’arrive plus à travailler ptn je sature totalement, vite que le dernier partiel passe psk je n’en PEUX PLUS
2021-05-10T17:02:35.988959 : 2021-05-10:traverse la rue
2021-05-10T17:02:36.378092 : 2021-05-10:vous entendra crier
2021-05-10T17:02:36.788611 : got 247 tweets
2021-05-10T17:02:36.793850 : data/corpus_2021-05-10_1.json
2021-05-10T17:02:36.794968 : ==== END ====
2021-05-10T17:13:54.563319 : ----START----
2021-05-10T17:13:54.565029 : ('Already Done (I) :', 3072)
2021-05-10T17:13:54.566330 : 2021-05-10:Ce moment où
2021-05-10T17:13:55.341824 : 2021-05-10:casse toi pauvre
2021-05-10T17:13:55.775706 : 2021-05-10:deuxième effet
2021-05-10T17:13:56.407601 : 2021-05-10:question répondue
2021-05-10T17:13:56.913222 : 2021-05-10:travailler AND plus
2021-05-10T17:13:57.332275 : 2021-05-10:traverse la rue
2021-05-10T17:13:57.724580 : 2021-05-10:vous entendra crier
2021-05-10T17:13:58.134955 : got 29 tweets
2021-05-10T17:13:58.138037 : data/tweets_collectes/corpus_2021-05-10_2.json
2021-05-10T17:13:58.139020 : ==== END ====
2021-05-10T17:21:28.231501 : ----START----
2021-05-10T17:21:28.233173 : ('Already Done (I) :', 3101)
2021-05-10T17:21:28.234537 : 2021-05-10:Ce moment où
2021-05-10T17:21:28.851604 : 2021-05-10:casse toi pauvre
2021-05-10T17:21:29.225432 : 2021-05-10:deuxième effet
2021-05-10T17:21:29.611198 : 2021-05-10:question répondue
2021-05-10T17:21:30.024213 : 2021-05-10:travailler AND plus
2021-05-10T17:21:30.399884 : 2021-05-10:traverse la rue
2021-05-10T17:21:30.784178 : 2021-05-10:vous entendra crier
2021-05-10T17:21:31.171209 : got 21 tweets
2021-05-10T17:21:31.177131 : data/tweets_collectes/corpus_2021-05-10_3.json
2021-05-10T17:21:31.178733 : ==== END ====
